<?xml version="1.0" encoding="UTF-8"?>
<robot generator="Robot 5.0.1 (Python 3.10.7 on win32)" generated="20220930 20:30:29.961" rpa="false" schemaversion="3">
<suite id="s1" name="Webautomation" source="C:\Users\Victor\Desktop\PHA22\tests\features\webautomation.robot">
<kw name="Abrir o meu navegador" library="hooks" type="SETUP">
<kw name="Open Browser" library="SeleniumLibrary">
<arg>${URL}</arg>
<arg>${BROWSER}</arg>
<doc>Opens a new browser instance to the optional ``url``.</doc>
<msg timestamp="20220930 20:30:30.290" level="INFO">Opening browser 'chrome' to base url 'https://learningprime.com.br/'.</msg>
<status status="PASS" starttime="20220930 20:30:30.289" endtime="20220930 20:30:41.681"/>
</kw>
<kw name="Maximize Browser Window" library="SeleniumLibrary">
<doc>Maximizes current browser window.</doc>
<status status="PASS" starttime="20220930 20:30:41.681" endtime="20220930 20:30:41.794"/>
</kw>
<status status="PASS" starttime="20220930 20:30:30.289" endtime="20220930 20:30:41.794"/>
</kw>
<test id="s1-t1" name="Cenario: Buscando uma Bag" line="11">
<kw name="Dado que eu esteja na tela Home do site" library="kws_busca">
<kw name="Title Should Be" library="SeleniumLibrary">
<arg>Learning Prime Store</arg>
<doc>Verifies that the current page title equals ``title``.</doc>
<msg timestamp="20220930 20:30:41.798" level="INFO">Page title is 'Learning Prime Store'.</msg>
<status status="PASS" starttime="20220930 20:30:41.795" endtime="20220930 20:30:41.798"/>
</kw>
<kw name="Wait Until Page Contains" library="SeleniumLibrary">
<arg>Comprar por Categories</arg>
<doc>Waits until ``text`` appears on the current page.</doc>
<status status="PASS" starttime="20220930 20:30:41.798" endtime="20220930 20:30:41.805"/>
</kw>
<status status="PASS" starttime="20220930 20:30:41.795" endtime="20220930 20:30:41.805"/>
</kw>
<kw name="Quando pesquisar o produto" library="kws_busca">
<arg>Bag</arg>
<kw name="Input Text" library="SeleniumLibrary">
<arg>${HOME.INPUT_BUSCA}</arg>
<arg>${PRODUTO}</arg>
<doc>Types the given ``text`` into the text field identified by ``locator``.</doc>
<msg timestamp="20220930 20:30:41.806" level="INFO">Typing text 'Bag' into text field '//input[@placeholder='Busca' and @type='search' and @id='keywords']'.</msg>
<status status="PASS" starttime="20220930 20:30:41.806" endtime="20220930 20:30:41.857"/>
</kw>
<kw name="Click Element" library="SeleniumLibrary">
<arg>${HOME.BTN_BUSCAR}</arg>
<doc>Click the element identified by ``locator``.</doc>
<msg timestamp="20220930 20:30:41.858" level="INFO">Clicking element '//input[@type='submit' and @value='Busca']'.</msg>
<status status="PASS" starttime="20220930 20:30:41.857" endtime="20220930 20:30:42.332"/>
</kw>
<status status="PASS" starttime="20220930 20:30:41.805" endtime="20220930 20:30:42.332"/>
</kw>
<kw name="Então o produto deve ser apresentado com sucesso" library="kws_busca">
<kw name="Wait Until Page Contains" library="SeleniumLibrary">
<arg>Resultados da busca por 'Bag'</arg>
<doc>Waits until ``text`` appears on the current page.</doc>
<status status="PASS" starttime="20220930 20:30:42.333" endtime="20220930 20:30:42.340"/>
</kw>
<kw name="Page Should Contain Image" library="SeleniumLibrary">
<arg>${HOME.IMG_BAG}</arg>
<doc>Verifies image identified by ``locator`` is found from current page.</doc>
<msg timestamp="20220930 20:30:42.349" level="INFO">Current page contains image '//img[@src='/spree/products/23/small/ror_bag.jpeg?1552494900']'.</msg>
<status status="PASS" starttime="20220930 20:30:42.340" endtime="20220930 20:30:42.349"/>
</kw>
<kw name="Sleep" library="BuiltIn">
<arg>2</arg>
<doc>Pauses the test executed for the given time.</doc>
<msg timestamp="20220930 20:30:44.350" level="INFO">Slept 2 seconds</msg>
<status status="PASS" starttime="20220930 20:30:42.349" endtime="20220930 20:30:44.350"/>
</kw>
<status status="PASS" starttime="20220930 20:30:42.332" endtime="20220930 20:30:44.350"/>
</kw>
<kw name="E a seguinte mensagem deve ser apresentada" library="kws_busca">
<arg>Resultados da busca por 'Bag'</arg>
<kw name="Wait Until Page Contains" library="SeleniumLibrary">
<arg>${MESSAGE}</arg>
<doc>Waits until ``text`` appears on the current page.</doc>
<status status="PASS" starttime="20220930 20:30:44.351" endtime="20220930 20:30:44.355"/>
</kw>
<status status="PASS" starttime="20220930 20:30:44.351" endtime="20220930 20:30:44.355"/>
</kw>
<tag>BAG</tag>
<status status="PASS" starttime="20220930 20:30:41.794" endtime="20220930 20:30:44.355"/>
</test>
<kw name="Fechar navegador" library="hooks" type="TEARDOWN">
<kw name="Capture Page Screenshot" library="SeleniumLibrary">
<doc>Takes a screenshot of the current page and embeds it into a log file.</doc>
<msg timestamp="20220930 20:30:44.465" level="INFO" html="true">&lt;/td&gt;&lt;/tr&gt;&lt;tr&gt;&lt;td colspan="3"&gt;&lt;a href="selenium-screenshot-1.png"&gt;&lt;img src="selenium-screenshot-1.png" width="800px"&gt;&lt;/a&gt;</msg>
<status status="PASS" starttime="20220930 20:30:44.357" endtime="20220930 20:30:44.465"/>
</kw>
<kw name="Close Browser" library="SeleniumLibrary">
<doc>Closes the current browser.</doc>
<status status="PASS" starttime="20220930 20:30:44.465" endtime="20220930 20:30:47.229"/>
</kw>
<status status="PASS" starttime="20220930 20:30:44.356" endtime="20220930 20:30:47.230"/>
</kw>
<doc>Aqui neste arquivo estarão presentes todos os tipos de
variáveis que iremos estudar ao longo do treinamento.</doc>
<status status="PASS" starttime="20220930 20:30:29.962" endtime="20220930 20:30:47.230"/>
</suite>
<statistics>
<total>
<stat pass="1" fail="0" skip="0">All Tests</stat>
</total>
<tag>
<stat pass="1" fail="0" skip="0">BAG</stat>
</tag>
<suite>
<stat pass="1" fail="0" skip="0" id="s1" name="Webautomation">Webautomation</stat>
</suite>
</statistics>
<errors>
<msg timestamp="20220930 20:30:30.285" level="WARN">Imported resource file 'C:\Users\Victor\Desktop\PHA22\src\pages\cadastro_page.robot' is empty.</msg>
</errors>
</robot>
