<?xml version="1.0" encoding="UTF-8"?>
<robot generator="Robot 5.0.1 (Python 3.10.7 on win32)" generated="20221001 02:26:51.838" rpa="false" schemaversion="3">
<suite id="s1" name="Webautomation" source="C:\Users\Victor\Desktop\PHA22\tests\features\webautomation.robot">
<kw name="Abrir o meu navegador" library="hooks" type="SETUP">
<kw name="Open Browser" library="SeleniumLibrary">
<arg>${URL}</arg>
<arg>${BROWSER}</arg>
<doc>Opens a new browser instance to the optional ``url``.</doc>
<msg timestamp="20221001 02:26:52.144" level="INFO">Opening browser 'chrome' to base url 'https://learningprime.com.br/'.</msg>
<status status="PASS" starttime="20221001 02:26:52.143" endtime="20221001 02:26:56.891"/>
</kw>
<kw name="Maximize Browser Window" library="SeleniumLibrary">
<doc>Maximizes current browser window.</doc>
<status status="PASS" starttime="20221001 02:26:56.892" endtime="20221001 02:26:57.000"/>
</kw>
<status status="PASS" starttime="20221001 02:26:52.143" endtime="20221001 02:26:57.000"/>
</kw>
<test id="s1-t1" name="Cenario: Validando cadastro com sucesso no learningprime" line="25">
<kw name="Dado que eu esteja na tela de cadastro" library="kws_cadastro">
<kw name="Wait Until Element Is Visible" library="SeleniumLibrary">
<arg>${CADASTRO.BTN_ENTRAR}</arg>
<doc>Waits until the element ``locator`` is visible.</doc>
<status status="PASS" starttime="20221001 02:26:57.001" endtime="20221001 02:26:57.057"/>
</kw>
<kw name="Click Element" library="SeleniumLibrary">
<arg>${CADASTRO.BTN_ENTRAR}</arg>
<doc>Click the element identified by ``locator``.</doc>
<msg timestamp="20221001 02:26:57.058" level="INFO">Clicking element '//a[@href='/login']'.</msg>
<status status="PASS" starttime="20221001 02:26:57.058" endtime="20221001 02:26:57.461"/>
</kw>
<kw name="Wait Until Element Is Visible" library="SeleniumLibrary">
<arg>${CADASTRO.BTN_CRIAR}</arg>
<doc>Waits until the element ``locator`` is visible.</doc>
<status status="PASS" starttime="20221001 02:26:57.461" endtime="20221001 02:26:57.478"/>
</kw>
<kw name="Click Element" library="SeleniumLibrary">
<arg>${CADASTRO.BTN_CRIAR}</arg>
<doc>Click the element identified by ``locator``.</doc>
<msg timestamp="20221001 02:26:57.479" level="INFO">Clicking element '//a[@href='/signup']'.</msg>
<status status="PASS" starttime="20221001 02:26:57.479" endtime="20221001 02:26:57.861"/>
</kw>
<kw name="Wait Until Page Contains" library="SeleniumLibrary">
<arg>Novo Cliente</arg>
<doc>Waits until ``text`` appears on the current page.</doc>
<status status="PASS" starttime="20221001 02:26:57.861" endtime="20221001 02:26:57.869"/>
</kw>
<status status="PASS" starttime="20221001 02:26:57.001" endtime="20221001 02:26:57.869"/>
</kw>
<kw name="E informe todos os dados necessários" library="kws_cadastro">
<kw name="FakerLibrary.email">
<var>${EMAIL_FAKER}</var>
<msg timestamp="20221001 02:26:57.874" level="FAIL">No keyword with name 'FakerLibrary.email' found.</msg>
<status status="FAIL" starttime="20221001 02:26:57.874" endtime="20221001 02:26:57.874"/>
</kw>
<kw name="FakerLibrary.Password">
<var>${PW_FAKER}</var>
<status status="NOT RUN" starttime="20221001 02:26:57.878" endtime="20221001 02:26:57.878"/>
</kw>
<kw name="Input Text" library="SeleniumLibrary">
<arg>${CADASTRO.INPUT_EMAIL}</arg>
<arg>${EMAIL_FAKER}</arg>
<doc>Types the given ``text`` into the text field identified by ``locator``.</doc>
<status status="NOT RUN" starttime="20221001 02:26:57.878" endtime="20221001 02:26:57.878"/>
</kw>
<kw name="Input Password" library="SeleniumLibrary">
<arg>${CADASTRO.INPUT_SENHA}</arg>
<arg>${PW_FAKER}</arg>
<doc>Types the given password into the text field identified by ``locator``.</doc>
<status status="NOT RUN" starttime="20221001 02:26:57.878" endtime="20221001 02:26:57.878"/>
</kw>
<kw name="Input Password" library="SeleniumLibrary">
<arg>${CADASTRO.INPUT_SENHA_CONFIRMA}</arg>
<arg>${PW_FAKER}</arg>
<doc>Types the given password into the text field identified by ``locator``.</doc>
<status status="NOT RUN" starttime="20221001 02:26:57.878" endtime="20221001 02:26:57.878"/>
</kw>
<status status="FAIL" starttime="20221001 02:26:57.869" endtime="20221001 02:26:57.878"/>
</kw>
<kw name="Quando finalizar o cadastro" library="kws_cadastro">
<status status="NOT RUN" starttime="20221001 02:26:57.879" endtime="20221001 02:26:57.879"/>
</kw>
<kw name="Então devo ser direcionado para a tela Home do site" library="kws_cadastro">
<status status="NOT RUN" starttime="20221001 02:26:57.879" endtime="20221001 02:26:57.879"/>
</kw>
<kw name="E a seguinte mensagem deve ser apresentada." library="kws_cadastro">
<status status="NOT RUN" starttime="20221001 02:26:57.879" endtime="20221001 02:26:57.879"/>
</kw>
<tag>SIGNUP</tag>
<status status="FAIL" starttime="20221001 02:26:57.000" endtime="20221001 02:26:57.880">No keyword with name 'FakerLibrary.email' found.</status>
</test>
<kw name="Fechar navegador" library="hooks" type="TEARDOWN">
<kw name="Capture Page Screenshot" library="SeleniumLibrary">
<doc>Takes a screenshot of the current page and embeds it into a log file.</doc>
<msg timestamp="20221001 02:26:57.967" level="INFO" html="true">&lt;/td&gt;&lt;/tr&gt;&lt;tr&gt;&lt;td colspan="3"&gt;&lt;a href="selenium-screenshot-6.png"&gt;&lt;img src="selenium-screenshot-6.png" width="800px"&gt;&lt;/a&gt;</msg>
<status status="PASS" starttime="20221001 02:26:57.881" endtime="20221001 02:26:57.967"/>
</kw>
<kw name="Close Browser" library="SeleniumLibrary">
<doc>Closes the current browser.</doc>
<status status="PASS" starttime="20221001 02:26:57.967" endtime="20221001 02:27:00.031"/>
</kw>
<status status="PASS" starttime="20221001 02:26:57.881" endtime="20221001 02:27:00.031"/>
</kw>
<doc>Aqui neste arquivo estarão presentes todos os tipos de
variáveis que iremos estudar ao longo do treinamento.</doc>
<status status="FAIL" starttime="20221001 02:26:51.839" endtime="20221001 02:27:00.031"/>
</suite>
<statistics>
<total>
<stat pass="0" fail="1" skip="0">All Tests</stat>
</total>
<tag>
<stat pass="0" fail="1" skip="0">SIGNUP</stat>
</tag>
<suite>
<stat pass="0" fail="1" skip="0" id="s1" name="Webautomation">Webautomation</stat>
</suite>
</statistics>
<errors>
<msg timestamp="20221001 02:26:52.132" level="ERROR">Error in file 'C:\Users\Victor\Desktop\PHA22\src\config\package.robot' on line 8: Importing library 'FakerLibrary' failed: ModuleNotFoundError: No module named 'FakerLibrary'
Traceback (most recent call last):
  None
PYTHONPATH:
  C:\Users\Victor\AppData\Local\Programs\Python\Python310\Scripts\robot.exe
  C:\Users\Victor\AppData\Local\Programs\Python\Python310\python310.zip
  C:\Users\Victor\AppData\Local\Programs\Python\Python310\DLLs
  C:\Users\Victor\AppData\Local\Programs\Python\Python310\lib
  C:\Users\Victor\AppData\Local\Programs\Python\Python310
  C:\Users\Victor\AppData\Local\Programs\Python\Python310\lib\site-packages</msg>
</errors>
</robot>
