<?xml version="1.0" encoding="UTF-8"?>
<robot generator="Robot 5.0.1 (Python 3.10.7 on win32)" generated="20220930 21:11:04.672" rpa="false" schemaversion="3">
<suite id="s1" name="Webautomation" source="C:\Users\Victor\Desktop\PHA22\tests\features\webautomation.robot">
<kw name="Abrir o meu navegador" library="hooks" type="SETUP">
<kw name="Open Browser" library="SeleniumLibrary">
<arg>${URL}</arg>
<arg>${BROWSER}</arg>
<doc>Opens a new browser instance to the optional ``url``.</doc>
<msg timestamp="20220930 21:11:04.923" level="INFO">Opening browser 'chrome' to base url 'https://learningprime.com.br/'.</msg>
<status status="PASS" starttime="20220930 21:11:04.923" endtime="20220930 21:11:10.997"/>
</kw>
<kw name="Maximize Browser Window" library="SeleniumLibrary">
<doc>Maximizes current browser window.</doc>
<status status="PASS" starttime="20220930 21:11:10.998" endtime="20220930 21:11:11.106"/>
</kw>
<status status="PASS" starttime="20220930 21:11:04.922" endtime="20220930 21:11:11.106"/>
</kw>
<test id="s1-t1" name="Cenario: Validando cadastro com sucesso no learningprime" line="25">
<kw name="Dado que eu esteja na tela de cadastro" library="kws_cadastro">
<kw name="Wait Until Element Is Visible" library="SeleniumLibrary">
<arg>xpath=//a[@href='/login']</arg>
<doc>Waits until the element ``locator`` is visible.</doc>
<status status="PASS" starttime="20220930 21:11:11.107" endtime="20220930 21:11:11.125"/>
</kw>
<kw name="Click Element" library="SeleniumLibrary">
<arg>xpath=//a[@href='/login']</arg>
<doc>Click the element identified by ``locator``.</doc>
<msg timestamp="20220930 21:11:11.125" level="INFO">Clicking element 'xpath=//a[@href='/login']'.</msg>
<status status="PASS" starttime="20220930 21:11:11.125" endtime="20220930 21:11:11.653"/>
</kw>
<kw name="Wait Until Element Is Visible" library="SeleniumLibrary">
<arg>xpath=//a[@href='/signup']</arg>
<doc>Waits until the element ``locator`` is visible.</doc>
<status status="PASS" starttime="20220930 21:11:11.653" endtime="20220930 21:11:11.671"/>
</kw>
<kw name="Click Element" library="SeleniumLibrary">
<arg>xpath=//a[@href='/signup']</arg>
<doc>Click the element identified by ``locator``.</doc>
<msg timestamp="20220930 21:11:11.672" level="INFO">Clicking element 'xpath=//a[@href='/signup']'.</msg>
<status status="PASS" starttime="20220930 21:11:11.671" endtime="20220930 21:11:12.098"/>
</kw>
<kw name="Wait Until Page Contains" library="SeleniumLibrary">
<arg>Novo Cliente</arg>
<doc>Waits until ``text`` appears on the current page.</doc>
<status status="PASS" starttime="20220930 21:11:12.098" endtime="20220930 21:11:12.105"/>
</kw>
<status status="PASS" starttime="20220930 21:11:11.107" endtime="20220930 21:11:12.106"/>
</kw>
<kw name="E informe todos os dados necessários" library="kws_cadastro">
<kw name="FakerLibrary.EMAIL_FAKER">
<var>${EMAIL_FAKER}</var>
<msg timestamp="20220930 21:11:12.110" level="FAIL">No keyword with name 'FakerLibrary.EMAIL_FAKER' found.</msg>
<status status="FAIL" starttime="20220930 21:11:12.110" endtime="20220930 21:11:12.110"/>
</kw>
<kw name="FakerLibrary.Password">
<var>${PW_FAKER}</var>
<status status="NOT RUN" starttime="20220930 21:11:12.114" endtime="20220930 21:11:12.114"/>
</kw>
<kw name="Input Text" library="SeleniumLibrary">
<arg>id=spree_user_email</arg>
<arg>${EMAIL_FAKER}</arg>
<doc>Types the given ``text`` into the text field identified by ``locator``.</doc>
<status status="NOT RUN" starttime="20220930 21:11:12.114" endtime="20220930 21:11:12.114"/>
</kw>
<kw name="Input Password" library="SeleniumLibrary">
<arg>id=spree_user_password</arg>
<arg>${PW_FAKER}</arg>
<doc>Types the given password into the text field identified by ``locator``.</doc>
<status status="NOT RUN" starttime="20220930 21:11:12.114" endtime="20220930 21:11:12.114"/>
</kw>
<kw name="Input Password" library="SeleniumLibrary">
<arg>id=spree_user_password_confirmation</arg>
<arg>${PW_FAKER}</arg>
<doc>Types the given password into the text field identified by ``locator``.</doc>
<status status="NOT RUN" starttime="20220930 21:11:12.114" endtime="20220930 21:11:12.114"/>
</kw>
<status status="FAIL" starttime="20220930 21:11:12.106" endtime="20220930 21:11:12.114"/>
</kw>
<kw name="Quando finalizar o cadastro" library="kws_cadastro">
<status status="NOT RUN" starttime="20220930 21:11:12.115" endtime="20220930 21:11:12.115"/>
</kw>
<kw name="Então devo ser direcionado para a tela Home do site" library="kws_cadastro">
<status status="NOT RUN" starttime="20220930 21:11:12.115" endtime="20220930 21:11:12.115"/>
</kw>
<kw name="E a seguinte mensagem deve ser apresentada." library="kws_cadastro">
<status status="NOT RUN" starttime="20220930 21:11:12.115" endtime="20220930 21:11:12.115"/>
</kw>
<tag>SIGNUP</tag>
<status status="FAIL" starttime="20220930 21:11:11.106" endtime="20220930 21:11:12.116">No keyword with name 'FakerLibrary.EMAIL_FAKER' found.</status>
</test>
<kw name="Fechar navegador" library="hooks" type="TEARDOWN">
<kw name="Capture Page Screenshot" library="SeleniumLibrary">
<doc>Takes a screenshot of the current page and embeds it into a log file.</doc>
<msg timestamp="20220930 21:11:12.214" level="INFO" html="true">&lt;/td&gt;&lt;/tr&gt;&lt;tr&gt;&lt;td colspan="3"&gt;&lt;a href="selenium-screenshot-4.png"&gt;&lt;img src="selenium-screenshot-4.png" width="800px"&gt;&lt;/a&gt;</msg>
<status status="PASS" starttime="20220930 21:11:12.117" endtime="20220930 21:11:12.214"/>
</kw>
<kw name="Close Browser" library="SeleniumLibrary">
<doc>Closes the current browser.</doc>
<status status="PASS" starttime="20220930 21:11:12.214" endtime="20220930 21:11:14.274"/>
</kw>
<status status="PASS" starttime="20220930 21:11:12.117" endtime="20220930 21:11:14.275"/>
</kw>
<doc>Aqui neste arquivo estarão presentes todos os tipos de
variáveis que iremos estudar ao longo do treinamento.</doc>
<status status="FAIL" starttime="20220930 21:11:04.673" endtime="20220930 21:11:14.275"/>
</suite>
<statistics>
<total>
<stat pass="0" fail="1" skip="0">All Tests</stat>
</total>
<tag>
<stat pass="0" fail="1" skip="0">SIGNUP</stat>
</tag>
<suite>
<stat pass="0" fail="1" skip="0" id="s1" name="Webautomation">Webautomation</stat>
</suite>
</statistics>
<errors>
<msg timestamp="20220930 21:11:04.913" level="ERROR">Error in file 'C:\Users\Victor\Desktop\PHA22\src\config\package.robot' on line 8: Importing library 'FakerLibrary' failed: ModuleNotFoundError: No module named 'FakerLibrary'
Traceback (most recent call last):
  None
PYTHONPATH:
  C:\Users\Victor\AppData\Local\Programs\Python\Python310\Scripts\robot.exe
  C:\Users\Victor\AppData\Local\Programs\Python\Python310\python310.zip
  C:\Users\Victor\AppData\Local\Programs\Python\Python310\DLLs
  C:\Users\Victor\AppData\Local\Programs\Python\Python310\lib
  C:\Users\Victor\AppData\Local\Programs\Python\Python310
  C:\Users\Victor\AppData\Local\Programs\Python\Python310\lib\site-packages</msg>
<msg timestamp="20220930 21:11:04.918" level="WARN">Imported resource file 'C:\Users\Victor\Desktop\PHA22\src\pages\cadastro_page.robot' is empty.</msg>
</errors>
</robot>
